<?xml version="1.0" encoding="UTF-8"?>
<testng-results ignored="0" total="2" passed="2" failed="0" skipped="0">
  <reporter-output>
  </reporter-output>
  <suite started-at="2024-07-01T08:44:59 IST" name="Suite" finished-at="2024-07-01T08:45:35 IST" duration-ms="35954">
    <groups>
      <group name="smokeTest">
        <method signature="CreateCampaignTest.createCampaignTest()[pri:0, instance:Campaign.CreateCampaignTest@548a24a]" name="createCampaignTest" class="Campaign.CreateCampaignTest"/>
      </group> <!-- smokeTest -->
    </groups>
    <test started-at="2024-07-01T08:44:59 IST" name="Test" finished-at="2024-07-01T08:45:35 IST" duration-ms="35954">
      <class name="Campaign.CreateCampaignTest">
        <test-method is-config="true" signature="bs()[pri:0, instance:Campaign.CreateCampaignTest@548a24a]" started-at="2024-07-01T08:44:59 IST" name="bs" finished-at="2024-07-01T08:44:59 IST" duration-ms="45" status="PASS">
          <reporter-output>
          </reporter-output>
        </test-method> <!-- bs -->
        <test-method is-config="true" signature="bt()[pri:0, instance:Campaign.CreateCampaignTest@548a24a]" started-at="2024-07-01T08:44:59 IST" name="bt" finished-at="2024-07-01T08:44:59 IST" duration-ms="1" status="PASS">
          <reporter-output>
          </reporter-output>
        </test-method> <!-- bt -->
        <test-method is-config="true" signature="bc()[pri:0, instance:Campaign.CreateCampaignTest@548a24a]" started-at="2024-07-01T08:44:59 IST" name="bc" finished-at="2024-07-01T08:45:01 IST" duration-ms="1763" status="PASS">
          <reporter-output>
          </reporter-output>
        </test-method> <!-- bc -->
        <test-method is-config="true" signature="bm()[pri:0, instance:Campaign.CreateCampaignTest@548a24a]" started-at="2024-07-01T08:45:01 IST" name="bm" finished-at="2024-07-01T08:45:06 IST" duration-ms="5356" status="PASS">
          <reporter-output>
          </reporter-output>
        </test-method> <!-- bm -->
        <test-method signature="createCampaignTest()[pri:0, instance:Campaign.CreateCampaignTest@548a24a]" started-at="2024-07-01T08:45:06 IST" name="createCampaignTest" finished-at="2024-07-01T08:45:15 IST" duration-ms="9077" status="PASS">
          <reporter-output>
          </reporter-output>
        </test-method> <!-- createCampaignTest -->
        <test-method is-config="true" signature="am()[pri:0, instance:Campaign.CreateCampaignTest@548a24a]" started-at="2024-07-01T08:45:15 IST" name="am" finished-at="2024-07-01T08:45:17 IST" duration-ms="1761" status="PASS">
          <reporter-output>
          </reporter-output>
        </test-method> <!-- am -->
        <test-method is-config="true" signature="ac()[pri:0, instance:Campaign.CreateCampaignTest@548a24a]" started-at="2024-07-01T08:45:17 IST" name="ac" finished-at="2024-07-01T08:45:17 IST" duration-ms="250" status="PASS">
          <reporter-output>
          </reporter-output>
        </test-method> <!-- ac -->
        <test-method is-config="true" signature="at()[pri:0, instance:Campaign.CreateCampaignTest@548a24a]" started-at="2024-07-01T08:45:35 IST" name="at" finished-at="2024-07-01T08:45:35 IST" duration-ms="0" status="PASS">
          <reporter-output>
          </reporter-output>
        </test-method> <!-- at -->
        <test-method is-config="true" signature="as()[pri:0, instance:Campaign.CreateCampaignTest@548a24a]" started-at="2024-07-01T08:45:35 IST" name="as" finished-at="2024-07-01T08:45:36 IST" duration-ms="427" status="PASS">
          <reporter-output>
          </reporter-output>
        </test-method> <!-- as -->
      </class> <!-- Campaign.CreateCampaignTest -->
      <class name="Organization.CreateOrganizationTest">
        <test-method is-config="true" signature="bc()[pri:0, instance:Organization.CreateOrganizationTest@45d84a20]" started-at="2024-07-01T08:45:17 IST" name="bc" finished-at="2024-07-01T08:45:18 IST" duration-ms="863" status="PASS">
          <reporter-output>
          </reporter-output>
        </test-method> <!-- bc -->
        <test-method is-config="true" signature="bm()[pri:0, instance:Organization.CreateOrganizationTest@45d84a20]" started-at="2024-07-01T08:45:18 IST" name="bm" finished-at="2024-07-01T08:45:22 IST" duration-ms="3784" status="PASS">
          <reporter-output>
          </reporter-output>
        </test-method> <!-- bm -->
        <test-method signature="createOrganizationTest()[pri:0, instance:Organization.CreateOrganizationTest@45d84a20]" started-at="2024-07-01T08:45:22 IST" name="createOrganizationTest" finished-at="2024-07-01T08:45:31 IST" duration-ms="8895" status="PASS">
          <reporter-output>
          </reporter-output>
        </test-method> <!-- createOrganizationTest -->
        <test-method is-config="true" signature="am()[pri:0, instance:Organization.CreateOrganizationTest@45d84a20]" started-at="2024-07-01T08:45:31 IST" name="am" finished-at="2024-07-01T08:45:34 IST" duration-ms="3540" status="PASS">
          <reporter-output>
          </reporter-output>
        </test-method> <!-- am -->
        <test-method is-config="true" signature="ac()[pri:0, instance:Organization.CreateOrganizationTest@45d84a20]" started-at="2024-07-01T08:45:34 IST" name="ac" finished-at="2024-07-01T08:45:35 IST" duration-ms="209" status="PASS">
          <reporter-output>
          </reporter-output>
        </test-method> <!-- ac -->
      </class> <!-- Organization.CreateOrganizationTest -->
    </test> <!-- Test -->
  </suite> <!-- Suite -->
</testng-results>
